[2017-05-17 12:41:34,715](INFO)handler : LoginHandler_start
[2017-05-17 12:41:34,726](INFO)handler : arguments={u'password': u'123456', u'phoneNumber': 15948829861}
[2017-05-17 12:41:34,727](INFO)handler : {'phone_number': 15948829861, 'ip': '::1', 'password': u'123456'}
[2017-05-17 12:41:34,760](INFO)handler : LoginHandler_over
[2017-05-17 12:41:36,939](INFO)handler : HotspotContent_start
[2017-05-17 12:41:36,940](INFO)handler : arguments={u'currentPage': 0, u'tagId': u'1001', u'uid': 3, u'pageSize': 7}
[2017-05-17 12:41:36,943](INFO)handler : HotspotContent_over
[2017-05-17 12:41:48,008](INFO)handler : MessageListHandler_start
[2017-05-17 12:41:48,008](INFO)handler : arguments={u'currentPage': 0, u'tagId': u'1', u'uid': 3, u'pageSize': 7}
[2017-05-17 12:41:48,013](INFO)handler : MessageListHandler_over
[2017-05-17 12:41:50,059](INFO)handler : MessageListHandler_start
[2017-05-17 12:41:50,059](INFO)handler : arguments={u'currentPage': 1, u'tagId': u'1', u'uid': 3, u'pageSize': 7}
[2017-05-17 12:41:50,064](INFO)handler : MessageListHandler_over
[2017-05-17 12:41:55,432](INFO)handler : MessageListHandler_start
[2017-05-17 12:41:55,432](INFO)handler : arguments={u'currentPage': 0, u'tagId': u'2', u'uid': 3, u'pageSize': 7}
[2017-05-17 12:41:55,434](INFO)handler : MessageListHandler_over
[2017-05-17 12:41:57,471](INFO)handler : MessageListHandler_start
[2017-05-17 12:41:57,472](INFO)handler : arguments={u'currentPage': 1, u'tagId': u'2', u'uid': 3, u'pageSize': 7}
[2017-05-17 12:41:57,473](INFO)handler : MessageListHandler_over
[2017-05-17 12:42:02,263](INFO)handler : MessageContent_start
[2017-05-17 12:42:02,263](INFO)handler : arguments={u'uid': 3, u'messageId': u'8'}
[2017-05-17 12:42:02,388](INFO)handler : MessageContent_over
[2017-05-17 12:42:08,470](INFO)handler : MessageListHandler_start
[2017-05-17 12:42:08,471](INFO)handler : arguments={u'currentPage': 0, u'tagId': u'2', u'uid': 3, u'pageSize': 7}
[2017-05-17 12:42:08,477](INFO)handler : MessageListHandler_over
[2017-05-17 12:42:10,521](INFO)handler : MessageListHandler_start
[2017-05-17 12:42:10,521](INFO)handler : arguments={u'currentPage': 1, u'tagId': u'2', u'uid': 3, u'pageSize': 7}
[2017-05-17 12:42:10,523](INFO)handler : MessageListHandler_over
[2017-05-17 12:42:13,009](INFO)handler : MessageContent_start
[2017-05-17 12:42:13,010](INFO)handler : arguments={u'uid': 3, u'messageId': u'8'}
[2017-05-17 12:42:13,100](INFO)handler : MessageContent_over
[2017-05-17 12:42:31,152](INFO)handler : MessageListHandler_start
[2017-05-17 12:42:31,152](INFO)handler : arguments={u'currentPage': 0, u'tagId': u'2', u'uid': 3, u'pageSize': 7}
[2017-05-17 12:42:31,157](INFO)handler : MessageListHandler_over
[2017-05-17 12:42:33,195](INFO)handler : MessageListHandler_start
[2017-05-17 12:42:33,196](INFO)handler : arguments={u'currentPage': 1, u'tagId': u'2', u'uid': 3, u'pageSize': 7}
[2017-05-17 12:42:33,199](INFO)handler : MessageListHandler_over
