[2017-05-17 12:41:34,715](INFO)handler : LoginHandler_start
[2017-05-17 12:41:34,726](INFO)handler : arguments={u'password': u'123456', u'phoneNumber': 15948829861}
[2017-05-17 12:41:34,727](INFO)handler : {'phone_number': 15948829861, 'ip': '::1', 'password': u'123456'}
[2017-05-17 12:41:34,727](INFO)model : Login_start
[2017-05-17 12:41:34,759](INFO)model : Login_over
[2017-05-17 12:41:34,760](INFO)handler : LoginHandler_over
[2017-05-17 12:41:36,939](INFO)handler : HotspotContent_start
[2017-05-17 12:41:36,940](INFO)handler : arguments={u'currentPage': 0, u'tagId': u'1001', u'uid': 3, u'pageSize': 7}
[2017-05-17 12:41:36,940](INFO)model : Hotspot_start
[2017-05-17 12:41:36,942](INFO)model : 有交互
[2017-05-17 12:41:36,943](INFO)model : Hotspot_over
[2017-05-17 12:41:36,943](INFO)handler : HotspotContent_over
[2017-05-17 12:41:48,008](INFO)handler : MessageListHandler_start
[2017-05-17 12:41:48,008](INFO)handler : arguments={u'currentPage': 0, u'tagId': u'1', u'uid': 3, u'pageSize': 7}
[2017-05-17 12:41:48,008](INFO)model : MessageList_start
[2017-05-17 12:41:48,013](INFO)model : MessageList_over
[2017-05-17 12:41:48,013](INFO)handler : MessageListHandler_over
[2017-05-17 12:41:50,059](INFO)handler : MessageListHandler_start
[2017-05-17 12:41:50,059](INFO)handler : arguments={u'currentPage': 1, u'tagId': u'1', u'uid': 3, u'pageSize': 7}
[2017-05-17 12:41:50,059](INFO)model : MessageList_start
[2017-05-17 12:41:50,063](INFO)model : MessageList_over
[2017-05-17 12:41:50,064](INFO)handler : MessageListHandler_over
[2017-05-17 12:41:55,432](INFO)handler : MessageListHandler_start
[2017-05-17 12:41:55,432](INFO)handler : arguments={u'currentPage': 0, u'tagId': u'2', u'uid': 3, u'pageSize': 7}
[2017-05-17 12:41:55,432](INFO)model : MessageList_start
[2017-05-17 12:41:55,433](INFO)model : MessageList_over
[2017-05-17 12:41:55,434](INFO)handler : MessageListHandler_over
[2017-05-17 12:41:57,471](INFO)handler : MessageListHandler_start
[2017-05-17 12:41:57,472](INFO)handler : arguments={u'currentPage': 1, u'tagId': u'2', u'uid': 3, u'pageSize': 7}
[2017-05-17 12:41:57,472](INFO)model : MessageList_start
[2017-05-17 12:41:57,473](INFO)model : MessageList_over
[2017-05-17 12:41:57,473](INFO)handler : MessageListHandler_over
[2017-05-17 12:42:02,263](INFO)handler : MessageContent_start
[2017-05-17 12:42:02,263](INFO)handler : arguments={u'uid': 3, u'messageId': u'8'}
[2017-05-17 12:42:02,263](INFO)model : MessageContent_start
[2017-05-17 12:42:02,266](INFO)model : 读库
[2017-05-17 12:42:02,267](INFO)model : (u'\u300a\u660e\u661f\u8bfb\u4e66\u4f1a\u300b\u4e8e\u6587\u534e\u4e3a\u60a8\u6717\u8bfb\u300a\u6c38\u6052\u7684\u6bcd\u4eb2\u300b', u'http://ent.news.cn/2017-05/14/1120966620_14947217201661n.jpg', u'\u65b0\u534e\u7f51', u'http://www.news.cn/static/imgs/2010409xlzt_logotop_v1.png', u'\u4f5c\u8005\u6bcd\u4eb2\u7684\u4e00\u751f\u770b\u8d77\u6765\u5341\u5206\u5e73\u51e1\uff0c\u5176\u5b9e\u975e\u5e38\u4f1f\u5927\uff0c\u5373\u4f7f\u4f1f\u5927\uff0c\u4e5f\u662f\u5728\u90a3\u4e48\u65e0\u58f0\u65e0\u606f\u5f97\u51dd\u805a\u7740\u6d53\u6d53\u7684\u6bcd\u7231\u3002\u5929\u4e0b\u6bcd\u4eb2\u603b\u5728\u4efb\u4f55\u98ce\u96e8\u4e2d\uff0c\u503e\u60c5\u628a\u81ea\u5df1\u7684\u4e00\u751f\uff0c\u6beb\u65e0\u6028\u8a00\u3001\u4e0d\u6c42\u56de\u62a5\u5730\u4ea4\u7ed9\u4e86\u5bb6\u4eba\u3002\r\n\u5343\u53e4\u4ee5\u6765\uff0c\u8d5e\u9882\u6bcd\u7231\u7684\u540d\u8a00\u3001\u7f8e\u6587\u6570\u4e0d\u80dc\u6570\uff0c\u5374\u5f88\u5c11\u770b\u5230\u8fd9\u6837\u6734\u5b9e\u7684\u6587\u5b57\uff0c\u6709\u65f6\u597d\u6587\u7ae0\u5e76\u4e0d\u9700\u8981\u8fc7\u5206\u7f8e\u4e3d\u7684\u8bcd\u773c\uff0c\u5012\u662f\u5e73\u5e73\u6de1\u6de1\u4e2d\u5c31\u80fd\u770b\u89c1\u771f\u60c5\u3002\r\n\r\n\u6bcf\u4f4d\u6bcd\u4eb2\u90fd\u662f\u5e73\u51e1\u7684\uff0c\u4f46\u5979\u4eec\u7ed9\u4e88\u513f\u5973\u7684\u7231\u5374\u662f\u4f1f\u5927\u7684\u2014\u2014\u6bcd\u7231 \u6c38\u6052\uff01\uff01', 1L, 0L, 1494745757L)
[2017-05-17 12:42:02,267](INFO)model : [u'\u300a\u660e\u661f\u8bfb\u4e66\u4f1a\u300b\u4e8e\u6587\u534e\u4e3a\u60a8\u6717\u8bfb\u300a\u6c38\u6052\u7684\u6bcd\u4eb2\u300b', u'http://ent.news.cn/2017-05/14/1120966620_14947217201661n.jpg', u'\u65b0\u534e\u7f51', u'http://www.news.cn/static/imgs/2010409xlzt_logotop_v1.png', u'\u4f5c\u8005\u6bcd\u4eb2\u7684\u4e00\u751f\u770b\u8d77\u6765\u5341\u5206\u5e73\u51e1\uff0c\u5176\u5b9e\u975e\u5e38\u4f1f\u5927\uff0c\u5373\u4f7f\u4f1f\u5927\uff0c\u4e5f\u662f\u5728\u90a3\u4e48\u65e0\u58f0\u65e0\u606f\u5f97\u51dd\u805a\u7740\u6d53\u6d53\u7684\u6bcd\u7231\u3002\u5929\u4e0b\u6bcd\u4eb2\u603b\u5728\u4efb\u4f55\u98ce\u96e8\u4e2d\uff0c\u503e\u60c5\u628a\u81ea\u5df1\u7684\u4e00\u751f\uff0c\u6beb\u65e0\u6028\u8a00\u3001\u4e0d\u6c42\u56de\u62a5\u5730\u4ea4\u7ed9\u4e86\u5bb6\u4eba\u3002\r\n\u5343\u53e4\u4ee5\u6765\uff0c\u8d5e\u9882\u6bcd\u7231\u7684\u540d\u8a00\u3001\u7f8e\u6587\u6570\u4e0d\u80dc\u6570\uff0c\u5374\u5f88\u5c11\u770b\u5230\u8fd9\u6837\u6734\u5b9e\u7684\u6587\u5b57\uff0c\u6709\u65f6\u597d\u6587\u7ae0\u5e76\u4e0d\u9700\u8981\u8fc7\u5206\u7f8e\u4e3d\u7684\u8bcd\u773c\uff0c\u5012\u662f\u5e73\u5e73\u6de1\u6de1\u4e2d\u5c31\u80fd\u770b\u89c1\u771f\u60c5\u3002\r\n\r\n\u6bcf\u4f4d\u6bcd\u4eb2\u90fd\u662f\u5e73\u51e1\u7684\uff0c\u4f46\u5979\u4eec\u7ed9\u4e88\u513f\u5973\u7684\u7231\u5374\u662f\u4f1f\u5927\u7684\u2014\u2014\u6bcd\u7231 \u6c38\u6052\uff01\uff01', 1L, 0L, 1494745757L]
[2017-05-17 12:42:02,388](INFO)model : MessageContent_over
[2017-05-17 12:42:02,388](INFO)handler : MessageContent_over
[2017-05-17 12:42:08,470](INFO)handler : MessageListHandler_start
[2017-05-17 12:42:08,471](INFO)handler : arguments={u'currentPage': 0, u'tagId': u'2', u'uid': 3, u'pageSize': 7}
[2017-05-17 12:42:08,471](INFO)model : MessageList_start
[2017-05-17 12:42:08,476](INFO)model : MessageList_over
[2017-05-17 12:42:08,477](INFO)handler : MessageListHandler_over
[2017-05-17 12:42:10,521](INFO)handler : MessageListHandler_start
[2017-05-17 12:42:10,521](INFO)handler : arguments={u'currentPage': 1, u'tagId': u'2', u'uid': 3, u'pageSize': 7}
[2017-05-17 12:42:10,522](INFO)model : MessageList_start
[2017-05-17 12:42:10,523](INFO)model : MessageList_over
[2017-05-17 12:42:10,523](INFO)handler : MessageListHandler_over
[2017-05-17 12:42:13,009](INFO)handler : MessageContent_start
[2017-05-17 12:42:13,010](INFO)handler : arguments={u'uid': 3, u'messageId': u'8'}
[2017-05-17 12:42:13,010](INFO)model : MessageContent_start
[2017-05-17 12:42:13,012](INFO)model : 读缓存
[2017-05-17 12:42:13,015](INFO)model : [u'\u300a\u660e\u661f\u8bfb\u4e66\u4f1a\u300b\u4e8e\u6587\u534e\u4e3a\u60a8\u6717\u8bfb\u300a\u6c38\u6052\u7684\u6bcd\u4eb2\u300b', u'http://ent.news.cn/2017-05/14/1120966620_14947217201661n.jpg', u'\u65b0\u534e\u7f51', u'http://www.news.cn/static/imgs/2010409xlzt_logotop_v1.png', u'\u4f5c\u8005\u6bcd\u4eb2\u7684\u4e00\u751f\u770b\u8d77\u6765\u5341\u5206\u5e73\u51e1\uff0c\u5176\u5b9e\u975e\u5e38\u4f1f\u5927\uff0c\u5373\u4f7f\u4f1f\u5927\uff0c\u4e5f\u662f\u5728\u90a3\u4e48\u65e0\u58f0\u65e0\u606f\u5f97\u51dd\u805a\u7740\u6d53\u6d53\u7684\u6bcd\u7231\u3002\u5929\u4e0b\u6bcd\u4eb2\u603b\u5728\u4efb\u4f55\u98ce\u96e8\u4e2d\uff0c\u503e\u60c5\u628a\u81ea\u5df1\u7684\u4e00\u751f\uff0c\u6beb\u65e0\u6028\u8a00\u3001\u4e0d\u6c42\u56de\u62a5\u5730\u4ea4\u7ed9\u4e86\u5bb6\u4eba\u3002\r\n\u5343\u53e4\u4ee5\u6765\uff0c\u8d5e\u9882\u6bcd\u7231\u7684\u540d\u8a00\u3001\u7f8e\u6587\u6570\u4e0d\u80dc\u6570\uff0c\u5374\u5f88\u5c11\u770b\u5230\u8fd9\u6837\u6734\u5b9e\u7684\u6587\u5b57\uff0c\u6709\u65f6\u597d\u6587\u7ae0\u5e76\u4e0d\u9700\u8981\u8fc7\u5206\u7f8e\u4e3d\u7684\u8bcd\u773c\uff0c\u5012\u662f\u5e73\u5e73\u6de1\u6de1\u4e2d\u5c31\u80fd\u770b\u89c1\u771f\u60c5\u3002\r\n\r\n\u6bcf\u4f4d\u6bcd\u4eb2\u90fd\u662f\u5e73\u51e1\u7684\uff0c\u4f46\u5979\u4eec\u7ed9\u4e88\u513f\u5973\u7684\u7231\u5374\u662f\u4f1f\u5927\u7684\u2014\u2014\u6bcd\u7231 \u6c38\u6052\uff01\uff01', 1L, 0L, 1494745757L]
[2017-05-17 12:42:13,099](INFO)model : MessageContent_over
[2017-05-17 12:42:13,100](INFO)handler : MessageContent_over
[2017-05-17 12:42:31,152](INFO)handler : MessageListHandler_start
[2017-05-17 12:42:31,152](INFO)handler : arguments={u'currentPage': 0, u'tagId': u'2', u'uid': 3, u'pageSize': 7}
[2017-05-17 12:42:31,153](INFO)model : MessageList_start
[2017-05-17 12:42:31,156](INFO)model : MessageList_over
[2017-05-17 12:42:31,157](INFO)handler : MessageListHandler_over
[2017-05-17 12:42:33,195](INFO)handler : MessageListHandler_start
[2017-05-17 12:42:33,196](INFO)handler : arguments={u'currentPage': 1, u'tagId': u'2', u'uid': 3, u'pageSize': 7}
[2017-05-17 12:42:33,196](INFO)model : MessageList_start
[2017-05-17 12:42:33,199](INFO)model : MessageList_over
[2017-05-17 12:42:33,199](INFO)handler : MessageListHandler_over
